app/build/intermediates/manifest_merge_blame_file/debug/manifest-merger-blame-debug-report.txt
1<?xml version="1.0" encoding="utf-8"?>
2<manifest xmlns:android="http://schemas.android.com/apk/res/android"
3    package="com.ndzl.haystacksip"
4    android:versionCode="1"
5    android:versionName="1.0" >
6
7    <uses-sdk
7-->src\main\AndroidManifest.xml:6:5-47
8        android:minSdkVersion="19"
8-->src\main\AndroidManifest.xml:6:5-47
9        android:targetSdkVersion="29" />
9-->src\main\AndroidManifest.xml:6:15-44
10
11    <application
11-->src\main\AndroidManifest.xml:8:5-23:19
12        android:allowBackup="true"
12-->src\main\AndroidManifest.xml:9:9-35
13        android:appComponentFactory="androidx.core.app.CoreComponentFactory"
13-->[androidx.core:core:1.0.0] AndroidManifest.xml:22:18-86
14        android:debuggable="true"
15        android:icon="@drawable/ic_launcher"
15-->src\main\AndroidManifest.xml:10:9-45
16        android:label="@string/app_name"
16-->src\main\AndroidManifest.xml:11:9-41
17        android:theme="@style/AppTheme" >
17-->src\main\AndroidManifest.xml:12:9-40
18        <service
18-->src\main\AndroidManifest.xml:14:5-22:12
19            android:name="com.ndzl.vc80xsip.VC80xIME"
19-->src\main\AndroidManifest.xml:14:14-55
20            android:label="@string/simple_ime"
20-->src\main\AndroidManifest.xml:15:6-40
21            android:permission="android.permission.BIND_INPUT_METHOD" >
21-->src\main\AndroidManifest.xml:16:6-63
22            <meta-data
22-->src\main\AndroidManifest.xml:18:6-80
23                android:name="android.view.im"
23-->src\main\AndroidManifest.xml:18:17-47
24                android:resource="@xml/method" />
24-->src\main\AndroidManifest.xml:18:48-78
25
26            <intent-filter>
26-->src\main\AndroidManifest.xml:19:6-21:22
27                <action android:name="android.view.InputMethod" />
27-->src\main\AndroidManifest.xml:20:10-60
27-->src\main\AndroidManifest.xml:20:18-57
28            </intent-filter>
29        </service>
30    </application>
31
32</manifest>